<?xml version="1.0" encoding="UTF-8"?>
<!-- Generated by org.testng.reporters.JUnitXMLReporter -->
<testsuite ignored="0" hostname="Karthikeyan" failures="1" tests="12" name="Test" time="0.127" errors="0" timestamp="2023-08-06T15:07:27 IST">
  <testcase classname="org.testng.FileTestCaseRetryListerner" name="Test1" time="0.015"/>
  <testcase classname="org.testng.FileTestCaseRetryListerner" name="Test2" time="0.012">
    <skipped/>
  </testcase> <!-- Test2 -->
  <testcase classname="org.testng.FileTestCaseRetryListerner" name="Test2" time="0.002">
    <skipped/>
  </testcase> <!-- Test2 -->
  <testcase classname="org.testng.FileTestCaseRetryListerner" name="Test2" time="0.002">
    <skipped/>
  </testcase> <!-- Test2 -->
  <testcase classname="org.testng.FileTestCaseRetryListerner" name="Test2" time="0.001">
    <skipped/>
  </testcase> <!-- Test2 -->
  <testcase classname="org.testng.FileTestCaseRetryListerner" name="Test2" time="0.002">
    <skipped/>
  </testcase> <!-- Test2 -->
  <testcase classname="org.testng.FileTestCaseRetryListerner" name="Test2" time="0.001">
    <skipped/>
  </testcase> <!-- Test2 -->
  <testcase classname="org.testng.FileTestCaseRetryListerner" name="Test2" time="0.001">
    <skipped/>
  </testcase> <!-- Test2 -->
  <testcase classname="org.testng.FileTestCaseRetryListerner" name="Test2" time="0.003">
    <skipped/>
  </testcase> <!-- Test2 -->
  <testcase classname="org.testng.FileTestCaseRetryListerner" name="Test2" time="0.001">
    <skipped/>
  </testcase> <!-- Test2 -->
  <testcase classname="org.testng.FileTestCaseRetryListerner" name="Test2" time="0.003">
    <skipped/>
  </testcase> <!-- Test2 -->
  <testcase classname="org.testng.FileTestCaseRetryListerner" name="Test2" time="0.001">
    <failure type="java.lang.AssertionError" message="expected [true] but found [false]">
      <![CDATA[java.lang.AssertionError: expected [true] but found [false]
at java.base/java.util.ArrayList.forEach(ArrayList.java:1511)
... Removed 30 stack frames]]>
    </failure>
  </testcase> <!-- Test2 -->
</testsuite> <!-- Test -->
